TN:
SF:/Users/nirinth/Catode/AppOrchard/AO_Xcodeproj/demo/GenCov/GenCov/AppDelegate.h
FN:13,-[AppDelegate window]
FN:13,-[AppDelegate setWindow:]
FNDA:3,-[AppDelegate window]
FNDA:1,-[AppDelegate setWindow:]
FNF:2
FNH:2
DA:13,4
LF:1
LH:1
end_of_record
TN:
SF:/Users/nirinth/Catode/AppOrchard/AO_Xcodeproj/demo/GenCov/GenCov/AppDelegate.m
FN:11,-[AppDelegate .cxx_destruct]
FN:13,-[AppDelegate application:didFinishLaunchingWithOptions:]
FN:19,-[AppDelegate applicationWillResignActive:]
FN:28,-[AppDelegate applicationDidEnterBackground:]
FN:34,-[AppDelegate applicationWillEnterForeground:]
FN:39,-[AppDelegate applicationDidBecomeActive:]
FN:44,-[AppDelegate applicationWillTerminate:]
FNDA:1,-[AppDelegate application:didFinishLaunchingWithOptions:]
FNDA:0,-[AppDelegate applicationDidEnterBackground:]
FNDA:0,-[AppDelegate applicationWillResignActive:]
FNDA:0,-[AppDelegate applicationWillTerminate:]
FNDA:0,-[AppDelegate .cxx_destruct]
FNDA:1,-[AppDelegate applicationDidBecomeActive:]
FNDA:0,-[AppDelegate applicationWillEnterForeground:]
FNF:7
FNH:2
DA:11,0
DA:13,1
DA:16,1
DA:17,1
DA:19,0
DA:24,0
DA:26,0
DA:28,0
DA:32,0
DA:34,0
DA:37,0
DA:39,1
DA:42,1
DA:44,0
DA:47,0
LF:15
LH:5
end_of_record
TN:
SF:/Users/nirinth/Catode/AppOrchard/AO_Xcodeproj/demo/GenCov/GenCov/DetailViewController.h
FN:13,-[DetailViewController detailItem]
FN:15,-[DetailViewController detailDescriptionLabel]
FN:15,-[DetailViewController setDetailDescriptionLabel:]
FNDA:0,-[DetailViewController detailDescriptionLabel]
FNDA:0,-[DetailViewController detailItem]
FNDA:0,-[DetailViewController setDetailDescriptionLabel:]
FNF:3
FNH:0
DA:13,0
DA:15,0
LF:2
LH:0
end_of_record
TN:
SF:/Users/nirinth/Catode/AppOrchard/AO_Xcodeproj/demo/GenCov/GenCov/DetailViewController.m
FN:15,-[DetailViewController .cxx_destruct]
FN:19,-[DetailViewController setDetailItem:]
FN:29,-[DetailViewController configureView]
FN:38,-[DetailViewController viewDidLoad]
FN:45,-[DetailViewController didReceiveMemoryWarning]
FNDA:0,-[DetailViewController configureView]
FNDA:0,-[DetailViewController .cxx_destruct]
FNDA:0,-[DetailViewController didReceiveMemoryWarning]
FNDA:0,-[DetailViewController viewDidLoad]
FNDA:0,-[DetailViewController setDetailItem:]
FNF:5
FNH:0
DA:15,0
DA:19,0
DA:21,0
DA:22,0
DA:25,0
DA:26,0
DA:27,0
DA:29,0
DA:33,0
DA:34,0
DA:35,0
DA:36,0
DA:38,0
DA:40,0
DA:42,0
DA:43,0
DA:45,0
DA:47,0
DA:49,0
LF:19
LH:0
end_of_record
TN:
SF:/Users/nirinth/Catode/AppOrchard/AO_Xcodeproj/demo/GenCov/GenCov/MasterViewController.m
FN:18,-[MasterViewController .cxx_destruct]
FN:20,-[MasterViewController awakeFromNib]
FN:25,-[MasterViewController viewDidLoad]
FN:35,-[MasterViewController didReceiveMemoryWarning]
FN:41,-[MasterViewController insertNewObject:]
FN:53,-[MasterViewController numberOfSectionsInTableView:]
FN:58,-[MasterViewController tableView:numberOfRowsInSection:]
FN:63,-[MasterViewController tableView:cellForRowAtIndexPath:]
FN:72,-[MasterViewController tableView:canEditRowAtIndexPath:]
FN:78,-[MasterViewController tableView:commitEditingStyle:forRowAtIndexPath:]
FN:104,-[MasterViewController prepareForSegue:sender:]
FNDA:0,-[MasterViewController tableView:canEditRowAtIndexPath:]
FNDA:1,-[MasterViewController tableView:numberOfRowsInSection:]
FNDA:0,-[MasterViewController insertNewObject:]
FNDA:1,-[MasterViewController awakeFromNib]
FNDA:0,-[MasterViewController prepareForSegue:sender:]
FNDA:0,-[MasterViewController tableView:commitEditingStyle:forRowAtIndexPath:]
FNDA:0,-[MasterViewController didReceiveMemoryWarning]
FNDA:1,-[MasterViewController viewDidLoad]
FNDA:0,-[MasterViewController .cxx_destruct]
FNDA:0,-[MasterViewController tableView:cellForRowAtIndexPath:]
FNDA:2,-[MasterViewController numberOfSectionsInTableView:]
FNF:11
FNH:4
DA:18,0
DA:20,1
DA:22,1
DA:23,1
DA:25,1
DA:27,1
DA:29,1
DA:31,1
DA:32,1
DA:33,1
DA:35,0
DA:37,0
DA:39,0
DA:41,0
DA:43,0
DA:44,0
DA:45,0
DA:46,0
DA:47,0
DA:48,0
DA:49,0
DA:53,2
DA:55,2
DA:56,2
DA:58,1
DA:60,1
DA:61,1
DA:63,0
DA:65,0
DA:67,0
DA:68,0
DA:69,0
DA:70,0
DA:72,0
DA:75,0
DA:76,0
DA:78,0
DA:80,0
DA:81,0
DA:82,0
DA:83,0
DA:85,0
DA:86,0
DA:104,0
DA:106,0
DA:107,0
DA:108,0
DA:109,0
DA:110,0
DA:111,0
LF:50
LH:15
end_of_record
TN:
SF:/Users/nirinth/Catode/AppOrchard/AO_Xcodeproj/demo/GenCov/GenCov/TCAppDelegate.h
FN:13,-[TCAppDelegate setWindow:]
FN:13,-[TCAppDelegate window]
FNDA:2,-[TCAppDelegate setWindow:]
FNDA:6,-[TCAppDelegate window]
FNF:2
FNH:2
DA:13,8
LF:1
LH:1
end_of_record
TN:
SF:/Users/nirinth/Catode/AppOrchard/AO_Xcodeproj/demo/GenCov/GenCov/TCAppDelegate.m
FN:11,-[TCAppDelegate .cxx_destruct]
FN:13,-[TCAppDelegate application:didFinishLaunchingWithOptions:]
FN:19,-[TCAppDelegate applicationWillResignActive:]
FN:28,-[TCAppDelegate applicationDidEnterBackground:]
FN:34,-[TCAppDelegate applicationWillEnterForeground:]
FN:39,-[TCAppDelegate applicationDidBecomeActive:]
FN:44,-[TCAppDelegate applicationWillTerminate:]
FNDA:0,-[TCAppDelegate .cxx_destruct]
FNDA:0,-[TCAppDelegate applicationDidEnterBackground:]
FNDA:2,-[TCAppDelegate application:didFinishLaunchingWithOptions:]
FNDA:0,-[TCAppDelegate applicationWillEnterForeground:]
FNDA:2,-[TCAppDelegate applicationDidBecomeActive:]
FNDA:0,-[TCAppDelegate applicationWillTerminate:]
FNDA:0,-[TCAppDelegate applicationWillResignActive:]
FNF:7
FNH:2
DA:11,0
DA:13,2
DA:16,2
DA:17,2
DA:19,0
DA:22,0
DA:26,0
DA:28,0
DA:32,0
DA:34,0
DA:37,0
DA:39,2
DA:42,2
DA:44,0
DA:47,0
LF:15
LH:5
end_of_record
TN:
SF:/Users/nirinth/Catode/AppOrchard/AO_Xcodeproj/demo/GenCov/GenCov/TCDetailViewController.h
FN:13,-[TCDetailViewController detailItem]
FN:15,-[TCDetailViewController setDetailDescriptionLabel:]
FN:15,-[TCDetailViewController detailDescriptionLabel]
FNDA:0,-[TCDetailViewController setDetailDescriptionLabel:]
FNDA:0,-[TCDetailViewController detailDescriptionLabel]
FNDA:0,-[TCDetailViewController detailItem]
FNF:3
FNH:0
DA:13,0
DA:15,0
LF:2
LH:0
end_of_record
TN:
SF:/Users/nirinth/Catode/AppOrchard/AO_Xcodeproj/demo/GenCov/GenCov/TCDetailViewController.m
FN:15,-[TCDetailViewController .cxx_destruct]
FN:19,-[TCDetailViewController setDetailItem:]
FN:29,-[TCDetailViewController configureView]
FN:38,-[TCDetailViewController viewDidLoad]
FN:45,-[TCDetailViewController didReceiveMemoryWarning]
FNDA:0,-[TCDetailViewController setDetailItem:]
FNDA:0,-[TCDetailViewController viewDidLoad]
FNDA:0,-[TCDetailViewController didReceiveMemoryWarning]
FNDA:0,-[TCDetailViewController .cxx_destruct]
FNDA:0,-[TCDetailViewController configureView]
FNF:5
FNH:0
DA:15,0
DA:19,0
DA:21,0
DA:22,0
DA:25,0
DA:26,0
DA:27,0
DA:29,0
DA:33,0
DA:34,0
DA:35,0
DA:36,0
DA:38,0
DA:40,0
DA:42,0
DA:43,0
DA:45,0
DA:47,0
DA:49,0
LF:19
LH:0
end_of_record
TN:
SF:/Users/nirinth/Catode/AppOrchard/AO_Xcodeproj/demo/GenCov/GenCov/TCMasterViewController.m
FN:18,-[TCMasterViewController .cxx_destruct]
FN:20,-[TCMasterViewController awakeFromNib]
FN:25,-[TCMasterViewController viewDidLoad]
FN:35,-[TCMasterViewController didReceiveMemoryWarning]
FN:41,-[TCMasterViewController insertNewObject:]
FN:53,-[TCMasterViewController numberOfSectionsInTableView:]
FN:58,-[TCMasterViewController tableView:numberOfRowsInSection:]
FN:63,-[TCMasterViewController tableView:cellForRowAtIndexPath:]
FN:72,-[TCMasterViewController tableView:canEditRowAtIndexPath:]
FN:78,-[TCMasterViewController tableView:commitEditingStyle:forRowAtIndexPath:]
FN:104,-[TCMasterViewController prepareForSegue:sender:]
FNDA:4,-[TCMasterViewController numberOfSectionsInTableView:]
FNDA:0,-[TCMasterViewController didReceiveMemoryWarning]
FNDA:0,-[TCMasterViewController tableView:commitEditingStyle:forRowAtIndexPath:]
FNDA:0,-[TCMasterViewController .cxx_destruct]
FNDA:2,-[TCMasterViewController awakeFromNib]
FNDA:2,-[TCMasterViewController tableView:numberOfRowsInSection:]
FNDA:2,-[TCMasterViewController viewDidLoad]
FNDA:0,-[TCMasterViewController prepareForSegue:sender:]
FNDA:0,-[TCMasterViewController tableView:canEditRowAtIndexPath:]
FNDA:0,-[TCMasterViewController insertNewObject:]
FNDA:0,-[TCMasterViewController tableView:cellForRowAtIndexPath:]
FNF:11
FNH:4
DA:18,0
DA:20,2
DA:22,2
DA:23,2
DA:25,2
DA:27,2
DA:29,2
DA:31,2
DA:32,2
DA:33,2
DA:35,0
DA:37,0
DA:39,0
DA:41,0
DA:43,0
DA:44,0
DA:45,0
DA:46,0
DA:47,0
DA:48,0
DA:49,0
DA:53,4
DA:55,4
DA:56,4
DA:58,2
DA:60,2
DA:61,2
DA:63,0
DA:65,0
DA:67,0
DA:68,0
DA:69,0
DA:70,0
DA:72,0
DA:75,0
DA:76,0
DA:78,0
DA:80,0
DA:81,0
DA:82,0
DA:83,0
DA:85,0
DA:86,0
DA:104,0
DA:106,0
DA:107,0
DA:108,0
DA:109,0
DA:110,0
DA:111,0
LF:50
LH:15
end_of_record
